<?xml version="1.0" encoding="UTF-8"?>
<testsuite name="Test_pfTree" tests="4" skipped="0" failures="0" errors="0" timestamp="2023-03-08T16:39:36" hostname="LAPTOP-6DCDBB3K" time="0.043">
  <properties/>
  <testcase name="delete()" classname="Test_pfTree" time="0.027"/>
  <testcase name="findAllByPrefix()" classname="Test_pfTree" time="0.006"/>
  <testcase name="add()" classname="Test_pfTree" time="0.001"/>
  <testcase name="searching()" classname="Test_pfTree" time="0.006"/>
  <system-out><![CDATA[РЈСЂР°! РџРѕР±РµРґР°! РЈСЂР°! РўР°РєРѕРµ СЃР»РѕРІРѕ РЅР°Р№РґРµРЅРѕ!
РЈСЂР°! РџРѕР±РµРґР°! РЈСЂР°! РўР°РєРѕРµ СЃР»РѕРІРѕ РЅР°Р№РґРµРЅРѕ!
]]></system-out>
  <system-err><![CDATA[]]></system-err>
</testsuite>
