<?xml version="1.0" encoding="UTF-8"?>
<testsuite name="Test_pfTree" tests="1" skipped="0" failures="0" errors="0" timestamp="2023-03-08T15:04:43" hostname="LAPTOP-6DCDBB3K" time="0.024">
  <properties/>
  <testcase name="delete()" classname="Test_pfTree" time="0.024"/>
  <system-out><![CDATA[]]></system-out>
  <system-err><![CDATA[]]></system-err>
</testsuite>
